----- 2011-06-28 10:42:11: Job 'Expontenia': ANALYSIS started by  on computer 'Macbook-Pro.local' (GoodSync 1.6.0.0 on ) -----
Expontenia: /Users/vailancio/Sites/expo <-> smb://SERVER/htdocs/expo (/Volumes/expo), SavePrevVers=30d, TmpDest, EstReq, CopyLocked, FileLinksDrill, CaseSens, Reconnect=3, ChangeLimit=10
Exclude licens*.rfo|cache.rfo|mru.rfo|mpp*.rfo|RoboForm Online Account.rfp|/System Volume Information|Thumbs.db|.DS_Store 
Left: Read State File /Users/vailancio/Sites/expo/_gsdata_/_file_state._gs
Left: Files: 71 (excluded 8). Folders: 14 (excluded 1). /dev/disk0s2 HFS, Free: 29854M, Total: 249715M
Right: Read State File /Volumes/expo/_gsdata_/_file_state._gs
Right: Files: 71 (excluded 5). Folders: 12 (excluded 1). , Free: 1901M, Total: 20003M
On disk  space required for sync is 712K, you have 1901M
On disk  space required for sync is 712K, you have 1901M
Changes: 4, Conflicts: 0, CopyTime: 0, CopyState: 0, Errors: 0
Left to Right: Copy File: 3 Delete File: 1 
----- 2011-06-28 10:42:11: Analysis Completed. Time 00:00:03, Speed: 32 files/s -----

===== 2011-06-28 10:42:14: Job 'Expontenia': SYNC started by  on computer 'Macbook-Pro.local' =====
Expontenia: /Users/vailancio/Sites/expo <-> smb://SERVER/htdocs/expo (/Volumes/expo), SavePrevVers=30d, TmpDest, EstReq, CopyLocked, FileLinksDrill, CaseSens, Reconnect=3, ChangeLimit=10
Fraction of files changed is low enough to perform Auto Sync: 4% (4 / 96) < 10%
Delete File '/Volumes/expo/exponentia.zip'
Create Folder '/Volumes/expo/backups'
Create Folder '/Volumes/expo/backups/untitled folder'
Copy New '/Users/vailancio/Sites/expo/backups/exponentia.zip' -> '/Volumes/expo/backups/exponentia.zip'
Save State File /Users/vailancio/Sites/expo/_gsdata_/_file_state._gs
Save State File /Volumes/expo/_gsdata_/_file_state._gs
Items Synced OK: 4, Errors: 0
===== 2011-06-28 10:42:14: Sync Completed. Time: 00:00:03, Speed: 16K/s =====

