----- 2011-06-24 13:03:58: Job 'Expontenia': ANALYSIS started by  on computer 'Macbook-Pro.local' (GoodSync 1.6.0.0 on ) -----
Expontenia: /Users/vailancio/Sites/expo <-> smb://SERVER/htdocs/expo (/Volumes/expo), SavePrevVers=30d, TmpDest, EstReq, CopyLocked, FileLinksDrill, CaseSens, Reconnect=3, ChangeLimit=10
Exclude licens*.rfo|cache.rfo|mru.rfo|mpp*.rfo|RoboForm Online Account.rfp|/System Volume Information|Thumbs.db|.DS_Store 
Left: Read State File /Users/vailancio/Sites/expo/_gsdata_/_file_state._gs
Left: Files: 70 (excluded 5). Folders: 12 (excluded 1). /dev/disk0s2 HFS, Free: 33631M, Total: 249715M
Right: Read State File /Volumes/expo/_gsdata_/_file_state._gs
Right: Files: 70 (excluded 5). Folders: 12 (excluded 1). , Free: 3403M, Total: 20003M
On disk  space required for sync is 16K, you have 3403M
On disk  space required for sync is 16K, you have 3403M
Changes: 1, Conflicts: 0, CopyTime: 0, CopyState: 0, Errors: 0
Left to Right: Copy File: 1 
----- 2011-06-24 13:03:58: Analysis Completed. Time 00:00:04, Speed: 22 files/s -----

===== 2011-06-24 13:04:01: Job 'Expontenia': SYNC started by  on computer 'Macbook-Pro.local' =====
Expontenia: /Users/vailancio/Sites/expo <-> smb://SERVER/htdocs/expo (/Volumes/expo), SavePrevVers=30d, TmpDest, EstReq, CopyLocked, FileLinksDrill, CaseSens, Reconnect=3, ChangeLimit=10
Fraction of files changed is low enough to perform Auto Sync: 1% (1 / 88) < 10%
Copy Over '/Users/vailancio/Sites/expo/css/style.css' -> '/Volumes/expo/css/style.css'
Save State File /Users/vailancio/Sites/expo/_gsdata_/_file_state._gs
Save State File /Volumes/expo/_gsdata_/_file_state._gs
Items Synced OK: 1, Errors: 0
===== 2011-06-24 13:04:01: Sync Completed. Time: 00:00:03, Speed: 4096/s =====

